#
# There is insufficient memory for the Java Runtime Environment to continue.
# Native memory allocation (malloc) failed to allocate 368656 bytes for Chunk::new
# Possible reasons:
#   The system is out of physical RAM or swap space
#   The process is running with CompressedOops enabled, and the Java Heap may be blocking the growth of the native heap
# Possible solutions:
#   Reduce memory load on the system
#   Increase physical memory or swap space
#   Check if swap backing store is full
#   Decrease Java heap size (-Xmx/-Xms)
#   Decrease number of Java threads
#   Decrease Java thread stack sizes (-Xss)
#   Set larger code cache with -XX:ReservedCodeCacheSize=
#   JVM is running with Zero Based Compressed Oops mode in which the Java heap is
#     placed in the first 32GB address space. The Java Heap base address is the
#     maximum limit for the native heap growth. Please use -XX:HeapBaseMinAddress
#     to set the Java Heap base and to place the Java Heap above 32GB virtual address.
# This output file may be truncated or incomplete.
#
#  Out of Memory Error (./src/hotspot/share/memory/arena.cpp:197), pid=149988, tid=141872
#
# JRE version:  (11.0.17+8) (build )
# Java VM: OpenJDK 64-Bit Server VM (11.0.17+8-LTS, mixed mode, tiered, compressed oops, g1 gc, windows-amd64)
# No core dump will be written. Minidumps are not enabled by default on client versions of Windows
#

---------------  S U M M A R Y ------------

Command Line: -javaagent:E:\Program Files\IntelliJ IDEA Community Edition 2022.2.1\lib\idea_rt.jar=53528:E:\Program Files\IntelliJ IDEA Community Edition 2022.2.1\bin -Dfile.encoding=UTF-8 day27exceptions.Exceptions03

Host: Intel(R) Core(TM) i7-8750H CPU @ 2.20GHz, 12 cores, 15G,  Windows 11 , 64 bit Build 22621 (10.0.22621.755)
Time: Mon Nov  7 00:10:42 2022 Türkiye Standart Saati elapsed time: 0.147566 seconds (0d 0h 0m 0s)

---------------  T H R E A D  ---------------

Current thread (0x000002485d587000):  JavaThread "Unknown thread" [_thread_in_vm, id=141872, stack(0x0000008391400000,0x0000008391500000)]

Stack: [0x0000008391400000,0x0000008391500000]
Native frames: (J=compiled Java code, j=interpreted, Vv=VM code, C=native code)
V  [jvm.dll+0x61f66a]
V  [jvm.dll+0x7ac889]
V  [jvm.dll+0x7adf78]
V  [jvm.dll+0x7ae653]
V  [jvm.dll+0x24fbe8]
V  [jvm.dll+0xc262c]
V  [jvm.dll+0xc2343]
V  [jvm.dll+0x73b3ec]
V  [jvm.dll+0x7880a9]
V  [jvm.dll+0x35fac9]
V  [jvm.dll+0x769630]
V  [jvm.dll+0x3cd5ef]
V  [jvm.dll+0x3cf981]
C  [jli.dll+0x5207]
C  [ucrtbase.dll+0x29363]
C  [KERNEL32.DLL+0x1244d]
C  [ntdll.dll+0x5dfb8]


---------------  P R O C E S S  ---------------

Threads class SMR info:
_java_thread_list=0x000002485b1a7880, length=0, elements={
}

Java Threads: ( => current thread )

Other Threads:
  0x000002485d59f000 GCTaskThread "GC Thread#0" [stack: 0x0000008391500000,0x0000008391600000] [id=128672]
  0x000002485d5fe000 ConcurrentGCThread "G1 Main Marker" [stack: 0x0000008391600000,0x0000008391700000] [id=156952]
  0x000002485d600000 ConcurrentGCThread "G1 Conc#0" [stack: 0x0000008391700000,0x0000008391800000] [id=131384]
  0x000002487f57c000 ConcurrentGCThread "G1 Refine#0" [stack: 0x0000008391800000,0x0000008391900000] [id=147104]
  0x000002487f57f800 ConcurrentGCThread "G1 Young RemSet Sampling" [stack: 0x0000008391900000,0x0000008391a00000] [id=154068]

=>0x000002485d587000 (exited) JavaThread "Unknown thread" [_thread_in_vm, id=141872, stack(0x0000008391400000,0x0000008391500000)]

Threads with active compile tasks:

VM state:not at safepoint (not fully initialized)

VM Mutex/Monitor currently owned by a thread: None

Heap address: 0x0000000702600000, size: 4058 MB, Compressed Oops mode: Zero based, Oop shift amount: 3
Narrow klass base: 0x0000000800000000, Narrow klass shift: 0
Compressed class space size: 1073741824 Address: 0x0000000800000000

GC Heap History (0 events):
No events

Deoptimization events (0 events):
No events

Classes redefined (0 events):
No events

Internal exceptions (0 events):
No events

Events (1 events):
Event: 0.008 Loaded shared library C:\Users\muham\.jdks\corretto-11.0.17\bin\zip.dll


Dynamic libraries:
0x00007ff716530000 - 0x00007ff71653d000 	C:\Users\muham\.jdks\corretto-11.0.17\bin\java.exe
0x00007ffb054f0000 - 0x00007ffb05704000 	C:\WINDOWS\SYSTEM32\ntdll.dll
0x00007ffb046c0000 - 0x00007ffb04782000 	C:\WINDOWS\System32\KERNEL32.DLL
0x00007ffb02ae0000 - 0x00007ffb02e7d000 	C:\WINDOWS\System32\KERNELBASE.dll
0x00007ffb02ff0000 - 0x00007ffb03101000 	C:\WINDOWS\System32\ucrtbase.dll
0x00007ffaf2620000 - 0x00007ffaf2637000 	C:\Users\muham\.jdks\corretto-11.0.17\bin\jli.dll
0x00007ffaf2600000 - 0x00007ffaf2619000 	C:\Users\muham\.jdks\corretto-11.0.17\bin\VCRUNTIME140.dll
0x00007ffb04510000 - 0x00007ffb046ba000 	C:\WINDOWS\System32\USER32.dll
0x00007ffb01b40000 - 0x00007ffb01dce000 	C:\WINDOWS\WinSxS\amd64_microsoft.windows.common-controls_6595b64144ccf1df_6.0.22621.608_none_a9444ca7c10bb01d\COMCTL32.dll
0x00007ffb02ab0000 - 0x00007ffb02ad6000 	C:\WINDOWS\System32\win32u.dll
0x00007ffb03cf0000 - 0x00007ffb03d97000 	C:\WINDOWS\System32\msvcrt.dll
0x00007ffb041e0000 - 0x00007ffb04209000 	C:\WINDOWS\System32\GDI32.dll
0x00007ffb03110000 - 0x00007ffb03222000 	C:\WINDOWS\System32\gdi32full.dll
0x00007ffb029a0000 - 0x00007ffb02a3a000 	C:\WINDOWS\System32\msvcp_win.dll
0x00007ffb04b00000 - 0x00007ffb04b32000 	C:\WINDOWS\System32\IMM32.DLL
0x00007ffaf06a0000 - 0x00007ffaf073b000 	C:\Users\muham\.jdks\corretto-11.0.17\bin\msvcp140.dll
0x00007ffac13c0000 - 0x00007ffac1f45000 	C:\Users\muham\.jdks\corretto-11.0.17\bin\server\jvm.dll
0x00007ffb04130000 - 0x00007ffb041de000 	C:\WINDOWS\System32\ADVAPI32.dll
0x00007ffb03b20000 - 0x00007ffb03bc4000 	C:\WINDOWS\System32\sechost.dll
0x00007ffb049e0000 - 0x00007ffb04af5000 	C:\WINDOWS\System32\RPCRT4.dll
0x00007ffb04310000 - 0x00007ffb04318000 	C:\WINDOWS\System32\PSAPI.DLL
0x00007ffafcb70000 - 0x00007ffafcb79000 	C:\WINDOWS\SYSTEM32\WSOCK32.dll
0x00007ffafb620000 - 0x00007ffafb654000 	C:\WINDOWS\SYSTEM32\WINMM.dll
0x00007ffafb2b0000 - 0x00007ffafb2ba000 	C:\WINDOWS\SYSTEM32\VERSION.dll
0x00007ffb04f40000 - 0x00007ffb04fb1000 	C:\WINDOWS\System32\WS2_32.dll
0x00007ffb011b0000 - 0x00007ffb011c8000 	C:\WINDOWS\SYSTEM32\kernel.appcore.dll
0x00007ffafe920000 - 0x00007ffafe930000 	C:\Users\muham\.jdks\corretto-11.0.17\bin\verify.dll
0x00007ffb02290000 - 0x00007ffb024be000 	C:\WINDOWS\SYSTEM32\DBGHELP.DLL
0x00007ffb03da0000 - 0x00007ffb0412a000 	C:\WINDOWS\System32\combase.dll
0x00007ffb04840000 - 0x00007ffb04917000 	C:\WINDOWS\System32\OLEAUT32.dll
0x00007ffb020e0000 - 0x00007ffb02112000 	C:\WINDOWS\SYSTEM32\dbgcore.DLL
0x00007ffb02920000 - 0x00007ffb0299b000 	C:\WINDOWS\System32\bcryptPrimitives.dll
0x00007ffaf1b50000 - 0x00007ffaf1b78000 	C:\Users\muham\.jdks\corretto-11.0.17\bin\java.dll
0x00007ffafc9d0000 - 0x00007ffafc9da000 	C:\Users\muham\.jdks\corretto-11.0.17\bin\jimage.dll
0x00007ffaf2f20000 - 0x00007ffaf2f2e000 	C:\Users\muham\.jdks\corretto-11.0.17\bin\instrument.dll
0x00007ffaf1b30000 - 0x00007ffaf1b48000 	C:\Users\muham\.jdks\corretto-11.0.17\bin\zip.dll

dbghelp: loaded successfully - version: 4.0.5 - missing functions: none
symbol engine: initialized successfully - sym options: 0x614 - pdb path: .;C:\Users\muham\.jdks\corretto-11.0.17\bin;C:\WINDOWS\SYSTEM32;C:\WINDOWS\WinSxS\amd64_microsoft.windows.common-controls_6595b64144ccf1df_6.0.22621.608_none_a9444ca7c10bb01d;C:\Users\muham\.jdks\corretto-11.0.17\bin\server

VM Arguments:
jvm_args: -javaagent:E:\Program Files\IntelliJ IDEA Community Edition 2022.2.1\lib\idea_rt.jar=53528:E:\Program Files\IntelliJ IDEA Community Edition 2022.2.1\bin -Dfile.encoding=UTF-8 
java_command: day27exceptions.Exceptions03
java_class_path (initial): C:\Users\muham\IdeaProjects\batch103\target\classes
Launcher Type: SUN_STANDARD

[Global flags]
     intx CICompilerCount                          = 4                                         {product} {ergonomic}
     uint ConcGCThreads                            = 3                                         {product} {ergonomic}
     uint G1ConcRefinementThreads                  = 10                                        {product} {ergonomic}
   size_t G1HeapRegionSize                         = 1048576                                   {product} {ergonomic}
    uintx GCDrainStackTargetSize                   = 64                                        {product} {ergonomic}
   size_t InitialHeapSize                          = 266338304                                 {product} {ergonomic}
   size_t MarkStackSize                            = 4194304                                   {product} {ergonomic}
   size_t MaxHeapSize                              = 4255121408                                {product} {ergonomic}
   size_t MaxNewSize                               = 2552233984                                {product} {ergonomic}
   size_t MinHeapDeltaBytes                        = 1048576                                   {product} {ergonomic}
    uintx NonNMethodCodeHeapSize                   = 5836300                                {pd product} {ergonomic}
    uintx NonProfiledCodeHeapSize                  = 122910970                              {pd product} {ergonomic}
    uintx ProfiledCodeHeapSize                     = 122910970                              {pd product} {ergonomic}
    uintx ReservedCodeCacheSize                    = 251658240                              {pd product} {ergonomic}
     bool SegmentedCodeCache                       = true                                      {product} {ergonomic}
     bool UseCompressedClassPointers               = true                                 {lp64_product} {ergonomic}
     bool UseCompressedOops                        = true                                 {lp64_product} {ergonomic}
     bool UseG1GC                                  = true                                      {product} {ergonomic}
     bool UseLargePagesIndividualAllocation        = false                                  {pd product} {ergonomic}

Logging:
Log output configuration:
 #0: stdout all=warning uptime,level,tags
 #1: stderr all=off uptime,level,tags

Environment Variables:
JAVA_HOME=C:\Program Files\Java\jdk-17.0.2
PATH=C:\Program Files\Common Files\Oracle\Java\javapath;C:\Windows\system32;C:\Windows;C:\Windows\System32\Wbem;C:\Windows\System32\WindowsPowerShell\v1.0\;C:\Windows\System32\OpenSSH\;C:\Program Files (x86)\NVIDIA Corporation\PhysX\Common;C:\Program Files\NVIDIA Corporation\NVIDIA NvDLISR;C:\Program Files\dotnet\;%SystemRoot%\system32;%SystemRoot%;%SystemRoot%\System32\Wbem;%SYSTEMROOT%\System32\WindowsPowerShell\v1.0\;%SYSTEMROOT%\System32\OpenSSH\;C:\Users\muham\AppData\Local\Microsoft\WindowsApps;C:\Program Files\Java\jdk-17.0.2\bin;
USERNAME=muham
OS=Windows_NT
PROCESSOR_IDENTIFIER=Intel64 Family 6 Model 158 Stepping 10, GenuineIntel
TMP=C:\Users\muham\AppData\Local\Temp
TEMP=C:\Users\muham\AppData\Local\Temp



---------------  S Y S T E M  ---------------

OS: Windows 11 , 64 bit Build 22621 (10.0.22621.755)
OS uptime: 1 days 4:54 hours

CPU:total 12 (initial active 12) (6 cores per cpu, 2 threads per core) family 6 model 158 stepping 10 microcode 0xde, cmov, cx8, fxsr, mmx, sse, sse2, sse3, ssse3, sse4.1, sse4.2, popcnt, avx, avx2, aes, clmul, erms, 3dnowpref, lzcnt, ht, tsc, tscinvbit, bmi1, bmi2, adx, fma

Memory: 4k page, system-wide physical 16227M (1450M free)
TotalPageFile size 46650M (AvailPageFile size 335M)
current process WorkingSet (physical memory assigned to process): 22M, peak: 22M
current process commit charge ("private bytes"): 330M, peak: 330M

vm_info: OpenJDK 64-Bit Server VM (11.0.17+8-LTS) for windows-amd64 JRE (11.0.17+8-LTS), built on Oct 14 2022 18:02:01 by "Administrator" with MS VC++ 15.9 (VS2017)

END.
